[2022-08-28T12:57:50.143749+00:00] blog.INFO: Create user command started [] []
[2022-08-28T12:58:26.086969+00:00] blog.INFO: Create user command started [] []
[2022-08-28T12:58:26.270521+00:00] blog.INFO: User created: b4601218-3575-4944-ac16-8ef85966f8ea [] []
[2022-08-28T15:14:58.154080+00:00] blog.INFO: Create user command started [] []
[2022-09-04T13:04:59.536613+00:00] blog.INFO: Create user command started [] []
[2022-09-04T13:06:20.328563+00:00] blog.INFO: Create user command started [] []
[2022-09-04T13:07:22.924645+00:00] blog.INFO: Create user command started [] []
[2022-09-04T13:09:36.598947+00:00] blog.INFO: Create user command started [] []
[2022-09-04T13:10:21.434492+00:00] blog.INFO: Create user command started [] []
[2022-09-04T13:11:46.450324+00:00] blog.INFO: Create user command started [] []
[2022-09-04T13:12:02.903305+00:00] blog.INFO: Create user command started [] []
[2022-09-04T13:14:28.377893+00:00] blog.INFO: Create user command started [] []
[2022-09-04T13:15:35.998917+00:00] blog.INFO: Create user command started [] []
[2022-09-04T13:15:57.094465+00:00] blog.INFO: Create user command started [] []
[2022-09-04T13:15:57.283061+00:00] blog.INFO: User created: 08548399-46d9-45fd-a8f2-19201e047c3b [] []
[2022-09-04T13:15:57.285150+00:00] blog.INFO: User created: 08548399-46d9-45fd-a8f2-19201e047c3b [] []
[2022-09-04T13:22:18.057687+00:00] blog.INFO: Create user command started [] []
[2022-09-04T13:22:18.203014+00:00] blog.INFO: User created: 91d7c790-56ec-4390-a56d-8cba467f7fa5 [] []
[2022-09-04T13:22:18.204564+00:00] blog.INFO: User created: 91d7c790-56ec-4390-a56d-8cba467f7fa5 [] []
[2022-09-04T13:22:55.791420+00:00] blog.INFO: Create user command started [] []
[2022-09-04T13:23:18.264260+00:00] blog.INFO: Create user command started [] []
[2022-09-04T13:23:18.475994+00:00] blog.INFO: User created: 348bf1a9-d8d9-486d-8e7c-9069a9af8ede [] []
[2022-09-04T13:23:18.477537+00:00] blog.INFO: User created: 348bf1a9-d8d9-486d-8e7c-9069a9af8ede [] []
[2022-09-04T13:23:52.884936+00:00] blog.INFO: Create user command started [] []
[2022-09-04T13:23:53.008125+00:00] blog.INFO: User created: 92a6831d-6a54-4247-984e-2c69d578431d [] []
[2022-09-04T13:23:53.010011+00:00] blog.INFO: User created: 92a6831d-6a54-4247-984e-2c69d578431d [] []
[2022-09-04T18:35:52.248944+00:00] blog.INFO: Post created: 17555d23-7183-4c67-93c3-40a6988864d3 [] []
[2022-09-04T18:35:52.306774+00:00] blog.INFO: Post created: 17555d23-7183-4c67-93c3-40a6988864d3 [] []
[2022-09-04T18:48:56.200246+00:00] blog.INFO: Create user command started [] []
[2022-09-04T18:48:56.246134+00:00] blog.WARNING: User already exists: lemon [] []
[2022-09-04T18:50:02.676650+00:00] blog.INFO: Create user command started [] []
[2022-09-04T18:50:02.819509+00:00] blog.INFO: User created: d0d0e5b9-3b44-45ca-82ad-f2d05c5bd6f3 [] []
[2022-09-04T18:50:02.821189+00:00] blog.INFO: User created: d0d0e5b9-3b44-45ca-82ad-f2d05c5bd6f3 [] []
[2022-09-04T19:10:48.570394+00:00] blog.INFO: Create user command started [] []
[2022-09-04T19:15:40.251150+00:00] blog.INFO: Create user command started [] []
[2022-09-04T19:15:40.413124+00:00] blog.INFO: User created: 9b894550-b22c-4a1c-962f-14810c3f6704 [] []
[2022-09-04T19:15:40.414732+00:00] blog.INFO: User created: 9b894550-b22c-4a1c-962f-14810c3f6704 [] []
[2022-09-04T19:25:33.892324+00:00] blog.INFO: Create user command started [] []
[2022-09-04T19:25:34.030692+00:00] blog.INFO: User created: 9cc1a4b3-af28-454c-8497-17c7830bec81 [] []
[2022-09-04T19:25:34.034748+00:00] blog.INFO: User created: 9cc1a4b3-af28-454c-8497-17c7830bec81 [] []
[2022-09-05T19:23:44.996822+00:00] blog.INFO: Create user command started [] []
[2022-09-05T19:23:45.138456+00:00] blog.INFO: User created: c46097fc-197c-4712-bd41-437d89b9d075 [] []
[2022-09-05T19:23:45.139779+00:00] blog.INFO: User created: c46097fc-197c-4712-bd41-437d89b9d075 [] []
[2022-09-05T19:44:32.150307+00:00] blog.WARNING: User not found: c46097fc-197c-4712-bd41-437d89b9d075 [] []
[2022-09-05T19:44:32.384568+00:00] blog.INFO: Post created: 3477732d-2d5c-45c1-a880-6eb9c12f585b [] []
[2022-09-05T19:44:32.388156+00:00] blog.INFO: Post created: 3477732d-2d5c-45c1-a880-6eb9c12f585b [] []
[2022-09-09T20:35:58.629643+00:00] blog.INFO: User created: afe51b90-11f2-43ff-b145-bf7674a46c30 [] []
[2022-09-09T20:35:58.668657+00:00] blog.WARNING: Something goes wrong with user: afe51b90-11f2-43ff-b145-bf7674a46c30 [] []
[2022-09-09T20:42:26.049791+00:00] blog.INFO: Create user command started [] []
[2022-09-09T20:42:26.252346+00:00] blog.INFO: User created: 5002a0d2-4541-4f9d-885e-071b0f3e7bbc [] []
[2022-09-09T20:42:26.253708+00:00] blog.INFO: User created: 5002a0d2-4541-4f9d-885e-071b0f3e7bbc [] []
[2022-09-09T20:46:02.519319+00:00] blog.WARNING: User not found: 5002a0d2-4541-4f9d-885e-071b0f3e7bbc [] []
[2022-09-09T20:46:02.851490+00:00] blog.INFO: Post created: daba402a-0ad9-42a5-a8b0-1f65a7789a98 [] []
[2022-09-09T20:46:02.852931+00:00] blog.INFO: Post created: daba402a-0ad9-42a5-a8b0-1f65a7789a98 [] []
[2022-09-09T20:49:46.369474+00:00] blog.WARNING: User not found: 5002a0d2-4541-4f9d-885e-071b0f3e7bbc [] []
[2022-09-09T20:50:49.769023+00:00] blog.WARNING: User not found: 5002a0d2-4541-4f9d-885e-071b0f3e7bbc [] []
[2022-09-09T20:50:49.789962+00:00] blog.WARNING: Post not found: daba402a-0ad9-42a5-a8b0-1f65a7789a98 [] []
[2022-09-09T20:50:50.015756+00:00] blog.INFO: Comment created: 236906bc-1a65-461e-beff-4cd47fe8627a [] []
[2022-09-09T20:50:50.034181+00:00] blog.INFO: Comment created: 236906bc-1a65-461e-beff-4cd47fe8627a [] []
[2022-09-11T19:05:27.265013+00:00] blog.INFO: User created: 5b329cee-f2e4-4e22-8e7b-854fbca37baf [] []
[2022-09-11T19:51:25.390171+00:00] blog.WARNING: Post not found: daba402a-0ad9-42a5-a8b0-1f65a7789a98 [] []
[2022-09-15T18:27:25.741166+00:00] blog.WARNING: User not found: c46097fc-197c-4712-bd41-437d89b9d075 [] []
[2022-09-15T18:33:10.924224+00:00] blog.WARNING: User not found: 5b329cee-f2e4-4e22-8e7b-854fbca37baf [] []
[2022-09-15T18:34:56.311444+00:00] blog.WARNING: User not found: 5b329cee-f2e4-4e22-8e7b-854fbca37baf [] []
[2022-09-15T18:38:37.941364+00:00] blog.WARNING: User not found: 5b329cee-f2e4-4e22-8e7b-854fbca37baf [] []
[2022-09-15T18:38:38.571977+00:00] blog.INFO: User created: 5b329cee-f2e4-4e22-8e7b-854fbca37baf [] []
[2022-09-15T19:53:49.053140+00:00] blog.INFO: User created: 72c0b2d5-d44d-4b1b-b31e-de617f9db991 [] []
[2022-09-15T19:53:49.275723+00:00] blog.INFO: User created: 9e7c2537-7c97-4162-97f4-3ca62f298432 [] []
[2022-09-15T19:53:49.408992+00:00] blog.INFO: User created: 5fa779df-acb9-4f83-94ce-cdb4cfc94d38 [] []
[2022-09-15T19:53:49.542669+00:00] blog.INFO: User created: 3a601402-bac8-4fdb-a364-e9e3f1d0dd7b [] []
[2022-09-15T19:53:50.286499+00:00] blog.INFO: Post created: f8745eab-e15d-47ed-8b4e-2cfb0f337c0b [] []
[2022-09-15T19:53:50.442482+00:00] blog.INFO: Post created: cf7d9a0d-962b-4a93-981e-fcf269c152f8 [] []
[2022-09-15T19:53:50.619924+00:00] blog.INFO: Post created: d35474eb-0bcd-43a0-9c01-4c5abb4c1155 [] []
[2022-09-15T19:53:50.755192+00:00] blog.INFO: Post created: 216ee4af-1b47-4e67-8200-f7db1c801311 [] []
[2022-09-15T19:53:50.853334+00:00] blog.INFO: Post created: 56769f82-cdaa-49df-b43c-d860233469b5 [] []
[2022-09-15T19:53:51.053530+00:00] blog.INFO: Post created: 83d816e4-b968-455c-b59f-11199bd3808c [] []
[2022-09-15T19:53:51.197541+00:00] blog.INFO: Post created: e154a8ed-167e-46fd-b425-11741a7124b6 [] []
[2022-09-15T19:53:51.389187+00:00] blog.INFO: Post created: 55571473-9501-42e6-8031-f04d9555af3b [] []
[2022-09-15T19:53:51.657360+00:00] blog.INFO: Post created: db8bd414-0e23-4c2d-9171-f3b47b7710fa [] []
[2022-09-15T19:53:51.791131+00:00] blog.INFO: Post created: 37dbab25-3a2e-43be-98aa-c0b9cdf2ee5c [] []
[2022-09-15T19:53:51.901621+00:00] blog.INFO: Post created: bec45f89-3561-45db-bed4-66b579dc4894 [] []
[2022-09-15T19:53:52.035240+00:00] blog.INFO: Post created: 6da63302-8f76-4625-bd95-20abe9dd4403 [] []
[2022-09-15T19:53:52.145934+00:00] blog.INFO: Post created: 5a469ec8-5702-472d-9606-9c2490b2f4e9 [] []
[2022-09-15T19:53:52.301487+00:00] blog.INFO: Post created: e9e31030-5519-4e8e-9257-cd1531ec260b [] []
[2022-09-15T19:53:52.412534+00:00] blog.INFO: Post created: 6be912b4-5c3c-458c-a315-a4218fb13446 [] []
[2022-09-15T19:53:52.537268+00:00] blog.INFO: Post created: a774988f-e7d9-4189-b162-5883cff2dda8 [] []
[2022-09-15T19:53:52.648563+00:00] blog.INFO: Post created: 693eceab-cac4-4691-8be9-0b6a6c4b1072 [] []
[2022-09-15T19:53:52.792929+00:00] blog.INFO: Post created: d3a12465-fb9b-431d-a747-22100b4a0452 [] []
[2022-09-15T19:53:52.915397+00:00] blog.INFO: Post created: 8d2c1f34-1c13-4023-b4d2-44dda915377f [] []
[2022-09-15T19:53:53.070646+00:00] blog.INFO: Post created: 8dd36ca9-33f7-4e03-8ba2-accb5856ecbf [] []
[2022-09-18T08:51:05.926529+00:00] blog.INFO: User created: 47bf50a3-d7fe-4168-8c51-80f651d154f4 [] []
[2022-09-18T08:51:06.126042+00:00] blog.WARNING: Something goes wrong with user: 47bf50a3-d7fe-4168-8c51-80f651d154f4 [] []
