[2022-08-28T12:57:50.143749+00:00] blog.INFO: Create user command started [] []
[2022-08-28T12:58:26.086969+00:00] blog.INFO: Create user command started [] []
[2022-08-28T12:58:26.270521+00:00] blog.INFO: User created: b4601218-3575-4944-ac16-8ef85966f8ea [] []
[2022-08-28T15:14:58.154080+00:00] blog.INFO: Create user command started [] []
[2022-09-04T13:04:59.536613+00:00] blog.INFO: Create user command started [] []
[2022-09-04T13:06:20.328563+00:00] blog.INFO: Create user command started [] []
[2022-09-04T13:07:22.924645+00:00] blog.INFO: Create user command started [] []
[2022-09-04T13:09:36.598947+00:00] blog.INFO: Create user command started [] []
[2022-09-04T13:10:21.434492+00:00] blog.INFO: Create user command started [] []
[2022-09-04T13:11:46.450324+00:00] blog.INFO: Create user command started [] []
[2022-09-04T13:12:02.903305+00:00] blog.INFO: Create user command started [] []
[2022-09-04T13:14:28.377893+00:00] blog.INFO: Create user command started [] []
[2022-09-04T13:15:35.998917+00:00] blog.INFO: Create user command started [] []
[2022-09-04T13:15:57.094465+00:00] blog.INFO: Create user command started [] []
[2022-09-04T13:15:57.283061+00:00] blog.INFO: User created: 08548399-46d9-45fd-a8f2-19201e047c3b [] []
[2022-09-04T13:15:57.285150+00:00] blog.INFO: User created: 08548399-46d9-45fd-a8f2-19201e047c3b [] []
[2022-09-04T13:22:18.057687+00:00] blog.INFO: Create user command started [] []
[2022-09-04T13:22:18.203014+00:00] blog.INFO: User created: 91d7c790-56ec-4390-a56d-8cba467f7fa5 [] []
[2022-09-04T13:22:18.204564+00:00] blog.INFO: User created: 91d7c790-56ec-4390-a56d-8cba467f7fa5 [] []
[2022-09-04T13:22:55.791420+00:00] blog.INFO: Create user command started [] []
[2022-09-04T13:23:18.264260+00:00] blog.INFO: Create user command started [] []
[2022-09-04T13:23:18.475994+00:00] blog.INFO: User created: 348bf1a9-d8d9-486d-8e7c-9069a9af8ede [] []
[2022-09-04T13:23:18.477537+00:00] blog.INFO: User created: 348bf1a9-d8d9-486d-8e7c-9069a9af8ede [] []
[2022-09-04T13:23:52.884936+00:00] blog.INFO: Create user command started [] []
[2022-09-04T13:23:53.008125+00:00] blog.INFO: User created: 92a6831d-6a54-4247-984e-2c69d578431d [] []
[2022-09-04T13:23:53.010011+00:00] blog.INFO: User created: 92a6831d-6a54-4247-984e-2c69d578431d [] []
[2022-09-04T18:35:52.248944+00:00] blog.INFO: Post created: 17555d23-7183-4c67-93c3-40a6988864d3 [] []
[2022-09-04T18:35:52.306774+00:00] blog.INFO: Post created: 17555d23-7183-4c67-93c3-40a6988864d3 [] []
[2022-09-04T18:48:56.200246+00:00] blog.INFO: Create user command started [] []
[2022-09-04T18:48:56.246134+00:00] blog.WARNING: User already exists: lemon [] []
[2022-09-04T18:50:02.676650+00:00] blog.INFO: Create user command started [] []
[2022-09-04T18:50:02.819509+00:00] blog.INFO: User created: d0d0e5b9-3b44-45ca-82ad-f2d05c5bd6f3 [] []
[2022-09-04T18:50:02.821189+00:00] blog.INFO: User created: d0d0e5b9-3b44-45ca-82ad-f2d05c5bd6f3 [] []
[2022-09-04T19:10:48.570394+00:00] blog.INFO: Create user command started [] []
[2022-09-04T19:15:40.251150+00:00] blog.INFO: Create user command started [] []
[2022-09-04T19:15:40.413124+00:00] blog.INFO: User created: 9b894550-b22c-4a1c-962f-14810c3f6704 [] []
[2022-09-04T19:15:40.414732+00:00] blog.INFO: User created: 9b894550-b22c-4a1c-962f-14810c3f6704 [] []
[2022-09-04T19:25:33.892324+00:00] blog.INFO: Create user command started [] []
[2022-09-04T19:25:34.030692+00:00] blog.INFO: User created: 9cc1a4b3-af28-454c-8497-17c7830bec81 [] []
[2022-09-04T19:25:34.034748+00:00] blog.INFO: User created: 9cc1a4b3-af28-454c-8497-17c7830bec81 [] []
[2022-09-05T19:23:44.996822+00:00] blog.INFO: Create user command started [] []
[2022-09-05T19:23:45.138456+00:00] blog.INFO: User created: c46097fc-197c-4712-bd41-437d89b9d075 [] []
[2022-09-05T19:23:45.139779+00:00] blog.INFO: User created: c46097fc-197c-4712-bd41-437d89b9d075 [] []
[2022-09-05T19:44:32.150307+00:00] blog.WARNING: User not found: c46097fc-197c-4712-bd41-437d89b9d075 [] []
[2022-09-05T19:44:32.384568+00:00] blog.INFO: Post created: 3477732d-2d5c-45c1-a880-6eb9c12f585b [] []
[2022-09-05T19:44:32.388156+00:00] blog.INFO: Post created: 3477732d-2d5c-45c1-a880-6eb9c12f585b [] []
[2022-09-09T20:35:58.629643+00:00] blog.INFO: User created: afe51b90-11f2-43ff-b145-bf7674a46c30 [] []
[2022-09-09T20:35:58.668657+00:00] blog.WARNING: Something goes wrong with user: afe51b90-11f2-43ff-b145-bf7674a46c30 [] []
[2022-09-09T20:42:26.049791+00:00] blog.INFO: Create user command started [] []
[2022-09-09T20:42:26.252346+00:00] blog.INFO: User created: 5002a0d2-4541-4f9d-885e-071b0f3e7bbc [] []
[2022-09-09T20:42:26.253708+00:00] blog.INFO: User created: 5002a0d2-4541-4f9d-885e-071b0f3e7bbc [] []
[2022-09-09T20:46:02.519319+00:00] blog.WARNING: User not found: 5002a0d2-4541-4f9d-885e-071b0f3e7bbc [] []
[2022-09-09T20:46:02.851490+00:00] blog.INFO: Post created: daba402a-0ad9-42a5-a8b0-1f65a7789a98 [] []
[2022-09-09T20:46:02.852931+00:00] blog.INFO: Post created: daba402a-0ad9-42a5-a8b0-1f65a7789a98 [] []
[2022-09-09T20:49:46.369474+00:00] blog.WARNING: User not found: 5002a0d2-4541-4f9d-885e-071b0f3e7bbc [] []
[2022-09-09T20:50:49.769023+00:00] blog.WARNING: User not found: 5002a0d2-4541-4f9d-885e-071b0f3e7bbc [] []
[2022-09-09T20:50:49.789962+00:00] blog.WARNING: Post not found: daba402a-0ad9-42a5-a8b0-1f65a7789a98 [] []
[2022-09-09T20:50:50.015756+00:00] blog.INFO: Comment created: 236906bc-1a65-461e-beff-4cd47fe8627a [] []
[2022-09-09T20:50:50.034181+00:00] blog.INFO: Comment created: 236906bc-1a65-461e-beff-4cd47fe8627a [] []
